<?xml version="1.0" encoding="UTF-8"?>
<!-- Generated by org.testng.reporters.JUnitReportReporter -->
<testsuite hostname="LAPTOP-7UARP2T2" failures="0" tests="5" name="selenium.Testing1" time="0.048" errors="0" timestamp="2022-07-14T12:18:52 EDT" skipped="0">
  <testcase classname="selenium.Testing1" name="f" time="0.012"/>
  <system-out/>
  <testcase classname="selenium.Testing1" name="test1" time="0.008"/>
  <system-out/>
  <testcase classname="selenium.Testing1" name="f" time="0.014"/>
  <system-out/>
  <testcase classname="selenium.Testing1" name="test3" time="0.007"/>
  <system-out/>
  <testcase classname="selenium.Testing1" name="test2" time="0.007"/>
  <system-out/>
</testsuite> <!-- selenium.Testing1 -->
