<?xml version="1.0" encoding="UTF-8"?>
<!-- Generated by org.testng.reporters.JUnitReportReporter -->
<testsuite hostname="LAPTOP-7UARP2T2" failures="0" tests="2" name="selenium.Testing2" time="0.001" errors="0" timestamp="14 Jul. 2022 15:51:43 GMT" skipped="0">
  <testcase classname="selenium.Testing2" name="test5" time="0.001"/>
  <testcase classname="selenium.Testing2" name="test4" time="0.000"/>
</testsuite> <!-- selenium.Testing2 -->
